<?xml version="1.0" encoding="UTF-8"?>
<!-- Generated by org.testng.reporters.JUnitXMLReporter -->
<testsuite ignored="0" hostname="DESKTOP-3QGV6GM" failures="0" tests="3" name="Default test" time="174.528" errors="0" timestamp="2022-07-25T10:31:52 IST">
  <testcase classname="com.mystore.testcases.TC_ProductPageTest" name="VerifyBuyProduct" time="86.654"/>
  <testcase classname="com.mystore.testcases.TC_ProductPageTest" name="VerifySearchProduct" time="34.87"/>
  <testcase classname="com.mystore.testcases.TC_ProductPageTest" name="verifyAddToWishlistWithoutLogin" time="10.698"/>
</testsuite> <!-- Default test -->
