<?xml version="1.0" encoding="UTF-8"?>
<testng-results ignored="0" total="3" passed="3" failed="0" skipped="0">
  <reporter-output>
  </reporter-output>
  <suite started-at="2022-07-25T10:28:57 IST" name="Default suite" finished-at="2022-07-25T10:31:52 IST" duration-ms="174528">
    <groups>
    </groups>
    <test started-at="2022-07-25T10:28:57 IST" name="Default test" finished-at="2022-07-25T10:31:52 IST" duration-ms="174528">
      <class name="com.mystore.testcases.TC_ProductPageTest">
        <test-method is-config="true" signature="setup()[pri:0, instance:com.mystore.testcases.TC_ProductPageTest@290222c1]" started-at="2022-07-25T10:28:57 IST" name="setup" finished-at="2022-07-25T10:29:34 IST" duration-ms="36965" status="PASS">
          <reporter-output>
          </reporter-output>
        </test-method> <!-- setup -->
        <test-method signature="VerifyBuyProduct()[pri:0, instance:com.mystore.testcases.TC_ProductPageTest@290222c1]" started-at="2022-07-25T10:29:34 IST" name="VerifyBuyProduct" finished-at="2022-07-25T10:31:01 IST" duration-ms="86654" status="PASS">
          <reporter-output>
          </reporter-output>
        </test-method> <!-- VerifyBuyProduct -->
        <test-method signature="VerifySearchProduct()[pri:0, instance:com.mystore.testcases.TC_ProductPageTest@290222c1]" started-at="2022-07-25T10:31:01 IST" name="VerifySearchProduct" finished-at="2022-07-25T10:31:36 IST" duration-ms="34870" status="PASS">
          <reporter-output>
          </reporter-output>
        </test-method> <!-- VerifySearchProduct -->
        <test-method signature="verifyAddToWishlistWithoutLogin()[pri:0, instance:com.mystore.testcases.TC_ProductPageTest@290222c1]" started-at="2022-07-25T10:31:36 IST" name="verifyAddToWishlistWithoutLogin" finished-at="2022-07-25T10:31:47 IST" duration-ms="10698" status="PASS">
          <reporter-output>
          </reporter-output>
        </test-method> <!-- verifyAddToWishlistWithoutLogin -->
        <test-method is-config="true" signature="tearDown()[pri:0, instance:com.mystore.testcases.TC_ProductPageTest@290222c1]" started-at="2022-07-25T10:31:47 IST" name="tearDown" finished-at="2022-07-25T10:31:52 IST" duration-ms="4936" status="PASS">
          <reporter-output>
          </reporter-output>
        </test-method> <!-- tearDown -->
      </class> <!-- com.mystore.testcases.TC_ProductPageTest -->
    </test> <!-- Default test -->
  </suite> <!-- Default suite -->
</testng-results>
